<?xml version="1.0" encoding="UTF-8"?>
<!-- Generated by org.testng.reporters.JUnitReportReporter -->
<testsuite hostname="FLLAP0570-MaheshNarvanes-MacBook-Air.local" failures="0" tests="9" name="NLP.NLP1_GreaterThan2Lakh_Flow" time="5.021" errors="1" timestamp="2024-04-11T13:25:50 IST" skipped="8">
  <testcase classname="NLP.NLP1_GreaterThan2Lakh_Flow" name="bcConfig" time="5.021">
    <error message="io.github.bonigarcia.wdm.config.WebDriverManagerException: Error HTTP 404 executing https://edgedl.me.gvt1.com/edgedl/chrome/chrome-for-testing/123.0.6312.122/mac-arm64/chromedriver-mac-arm64.zip" type="io.github.bonigarcia.wdm.config.WebDriverManagerException">
      <![CDATA[io.github.bonigarcia.wdm.config.WebDriverManagerException: io.github.bonigarcia.wdm.config.WebDriverManagerException: Error HTTP 404 executing https://edgedl.me.gvt1.com/edgedl/chrome/chrome-for-testing/123.0.6312.122/mac-arm64/chromedriver-mac-arm64.zip
at io.github.bonigarcia.wdm.WebDriverManager.handleException(WebDriverManager.java:1404)
at io.github.bonigarcia.wdm.WebDriverManager.manage(WebDriverManager.java:1178)
at io.github.bonigarcia.wdm.WebDriverManager.fallback(WebDriverManager.java:1420)
at io.github.bonigarcia.wdm.WebDriverManager.handleException(WebDriverManager.java:1397)
at io.github.bonigarcia.wdm.WebDriverManager.manage(WebDriverManager.java:1178)
at io.github.bonigarcia.wdm.WebDriverManager.setup(WebDriverManager.java:420)
at GenericUtilities.BaseClass.bcConfig(BaseClass.java:115)
at java.base/jdk.internal.reflect.NativeMethodAccessorImpl.invoke0(Native Method)
at java.base/jdk.internal.reflect.NativeMethodAccessorImpl.invoke(NativeMethodAccessorImpl.java:77)
at java.base/jdk.internal.reflect.DelegatingMethodAccessorImpl.invoke(DelegatingMethodAccessorImpl.java:43)
at java.base/java.lang.reflect.Method.invoke(Method.java:568)
at org.testng.internal.MethodInvocationHelper.invokeMethod(MethodInvocationHelper.java:133)
at org.testng.internal.MethodInvocationHelper.invokeMethodConsideringTimeout(MethodInvocationHelper.java:62)
at org.testng.internal.ConfigInvoker.invokeConfigurationMethod(ConfigInvoker.java:385)
at org.testng.internal.ConfigInvoker.invokeConfigurations(ConfigInvoker.java:321)
at org.testng.internal.TestMethodWorker.invokeBeforeClassMethods(TestMethodWorker.java:176)
at org.testng.internal.TestMethodWorker.run(TestMethodWorker.java:122)
at java.base/java.util.ArrayList.forEach(ArrayList.java:1511)
at org.testng.TestRunner.privateRun(TestRunner.java:794)
at org.testng.TestRunner.run(TestRunner.java:596)
at org.testng.SuiteRunner.runTest(SuiteRunner.java:377)
at org.testng.SuiteRunner.runSequentially(SuiteRunner.java:371)
at org.testng.SuiteRunner.privateRun(SuiteRunner.java:332)
at org.testng.SuiteRunner.run(SuiteRunner.java:276)
at org.testng.SuiteRunnerWorker.runSuite(SuiteRunnerWorker.java:53)
at org.testng.SuiteRunnerWorker.run(SuiteRunnerWorker.java:96)
at org.testng.TestNG.runSuitesSequentially(TestNG.java:1212)
at org.testng.TestNG.runSuitesLocally(TestNG.java:1134)
at org.testng.TestNG.runSuites(TestNG.java:1063)
at org.testng.TestNG.run(TestNG.java:1031)
at org.testng.remote.AbstractRemoteTestNG.run(AbstractRemoteTestNG.java:115)
at org.testng.remote.RemoteTestNG.initAndRun(RemoteTestNG.java:251)
at org.testng.remote.RemoteTestNG.main(RemoteTestNG.java:77)
Caused by: io.github.bonigarcia.wdm.config.WebDriverManagerException: Error HTTP 404 executing https://edgedl.me.gvt1.com/edgedl/chrome/chrome-for-testing/123.0.6312.122/mac-arm64/chromedriver-mac-arm64.zip
at io.github.bonigarcia.wdm.online.HttpClient.execute(HttpClient.java:177)
at io.github.bonigarcia.wdm.online.Downloader.downloadAndExtract(Downloader.java:139)
at io.github.bonigarcia.wdm.online.Downloader.download(Downloader.java:91)
at io.github.bonigarcia.wdm.WebDriverManager.download(WebDriverManager.java:1256)
at io.github.bonigarcia.wdm.WebDriverManager.manage(WebDriverManager.java:1172)
... 31 more
]]>
    </error>
  </testcase> <!-- bcConfig -->
  <system-out/>
  <testcase classname="NLP.NLP1_GreaterThan2Lakh_Flow" name="landing_Page_NLP1_MTO_GT_2" time="0.000">
    <skipped/>
  </testcase> <!-- landing_Page_NLP1_MTO_GT_2 -->
  <system-out/>
  <testcase classname="NLP.NLP1_GreaterThan2Lakh_Flow" name="OTP" time="0.000">
    <skipped/>
  </testcase> <!-- OTP -->
  <system-out/>
  <testcase classname="NLP.NLP1_GreaterThan2Lakh_Flow" name="form2" time="0.000">
    <skipped/>
  </testcase> <!-- form2 -->
  <system-out/>
  <testcase classname="NLP.NLP1_GreaterThan2Lakh_Flow" name="pull_CKYC" time="0.000">
    <skipped/>
  </testcase> <!-- pull_CKYC -->
  <system-out/>
  <testcase classname="NLP.NLP1_GreaterThan2Lakh_Flow" name="form3" time="0.000">
    <skipped/>
  </testcase> <!-- form3 -->
  <system-out/>
  <testcase classname="NLP.NLP1_GreaterThan2Lakh_Flow" name="pob_document_upload" time="0.000">
    <skipped/>
  </testcase> <!-- pob_document_upload -->
  <system-out/>
  <testcase classname="NLP.NLP1_GreaterThan2Lakh_Flow" name="form4" time="0.000">
    <skipped/>
  </testcase> <!-- form4 -->
  <system-out/>
  <testcase classname="NLP.NLP1_GreaterThan2Lakh_Flow" name="form5" time="0.000">
    <skipped/>
  </testcase> <!-- form5 -->
  <system-out>
    <![CDATA[execution complete]]>
  </system-out>
</testsuite> <!-- NLP.NLP1_GreaterThan2Lakh_Flow -->
